<?xml version="1.0" encoding="UTF-8"?>
<!-- Generated by org.testng.reporters.JUnitReportReporter -->
<testsuite hostname="RPIPL2-DT-DV046" name="com.test.gurukul.GkPagesTest.GkLandingHomePageTest" tests="1" failures="0" timestamp="11 May 2016 10:36:55 GMT" time="9.807" errors="0">
  <testcase name="branchEntityCheck" time="9.807" classname="com.test.gurukul.GkPagesTest.GkLandingHomePageTest"/>
</testsuite> <!-- com.test.gurukul.GkPagesTest.GkLandingHomePageTest -->
