<?xml version="1.0" encoding="UTF-8"?>
<!-- Generated by org.testng.reporters.JUnitReportReporter -->
<testsuite hostname="RPIPL2-DT-DV046" name="com.test.gurukul.GkPagesTest.GkAuthenticationPageTest" tests="8" failures="0" timestamp="11 May 2016 09:39:03 GMT" time="71.830" errors="0">
  <testcase name="registerFromAuthPage" time="8.555" classname="com.test.gurukul.GkPagesTest.GkAuthenticationPageTest"/>
  <testcase name="invalidCredential" time="6.976" classname="com.test.gurukul.GkPagesTest.GkAuthenticationPageTest"/>
  <testcase name="forgotPassword" time="9.347" classname="com.test.gurukul.GkPagesTest.GkAuthenticationPageTest"/>
  <testcase name="invalidCredential" time="10.380" classname="com.test.gurukul.GkPagesTest.GkAuthenticationPageTest"/>
  <testcase name="validUserLogin" time="9.987" classname="com.test.gurukul.GkPagesTest.GkAuthenticationPageTest"/>
  <testcase name="invalidCredential" time="7.960" classname="com.test.gurukul.GkPagesTest.GkAuthenticationPageTest"/>
  <testcase name="invalidCredential" time="10.167" classname="com.test.gurukul.GkPagesTest.GkAuthenticationPageTest"/>
  <testcase name="invalidCredential" time="8.458" classname="com.test.gurukul.GkPagesTest.GkAuthenticationPageTest"/>
</testsuite> <!-- com.test.gurukul.GkPagesTest.GkAuthenticationPageTest -->
