<?xml version="1.0" encoding="UTF-8"?>
<!-- Generated by org.testng.reporters.JUnitReportReporter -->
<testsuite hostname="RPIPL2-DT-DV046" name="com.test.gurukul.GkPagesTest.GkLoginPageTest" tests="4" failures="0" timestamp="11 May 2016 09:35:26 GMT" time="30.025" errors="0">
  <testcase name="registerNewAccount" time="7.782" classname="com.test.gurukul.GkPagesTest.GkLoginPageTest"/>
  <testcase name="testGkLogo" time="7.396" classname="com.test.gurukul.GkPagesTest.GkLoginPageTest"/>
  <testcase name="testLoginLink" time="7.360" classname="com.test.gurukul.GkPagesTest.GkLoginPageTest"/>
  <testcase name="testGkWelcomeMessage" time="7.487" classname="com.test.gurukul.GkPagesTest.GkLoginPageTest"/>
</testsuite> <!-- com.test.gurukul.GkPagesTest.GkLoginPageTest -->
